2010/10/01 18:48:48 [error] [php] date(): It is not safe to rely on the system's timezone settings. You are *required* to use the date.timezone setting or the date_default_timezone_set() function. In case you used any of those methods and you are still getting this warning, you most likely misspelled the timezone identifier. We selected 'Europe/Helsinki' for 'EEST/3.0/DST' instead (/home/dmtrs/public_html/slabs/protected/views/layouts/main.php:47)
Stack trace:
#0 /home/dmtrs/public_html/yii/framework/web/CBaseController.php(88): SiteController->renderInternal()
#1 /home/dmtrs/public_html/yii/framework/web/widgets/CContentDecorator.php(78): SiteController->renderFile()
#2 /home/dmtrs/public_html/yii/framework/web/widgets/CContentDecorator.php(56): CContentDecorator->decorate()
#3 /home/dmtrs/public_html/yii/framework/web/widgets/COutputProcessor.php(45): CContentDecorator->processOutput()
#4 /home/dmtrs/public_html/yii/framework/web/CBaseController.php(199): CContentDecorator->run()
#5 /home/dmtrs/public_html/yii/framework/web/CBaseController.php(294): SiteController->endWidget()
#6 /home/dmtrs/public_html/slabs/protected/views/layouts/column1.php(7): SiteController->endContent()
#7 /home/dmtrs/public_html/yii/framework/web/CBaseController.php(119): require()
#8 /home/dmtrs/public_html/yii/framework/web/CBaseController.php(88): SiteController->renderInternal()
#9 /home/dmtrs/public_html/yii/framework/web/CController.php(741): SiteController->renderFile()
#10 /home/dmtrs/public_html/slabs/protected/controllers/SiteController.php(32): SiteController->render()
#11 /home/dmtrs/public_html/yii/framework/web/actions/CInlineAction.php(50): SiteController->actionIndex()
#12 /home/dmtrs/public_html/yii/framework/web/CController.php(300): CInlineAction->run()
#13 /home/dmtrs/public_html/yii/framework/web/CController.php(278): SiteController->runAction()
#14 /home/dmtrs/public_html/yii/framework/web/CController.php(257): SiteController->runActionWithFilters()
#15 /home/dmtrs/public_html/yii/framework/web/CWebApplication.php(324): SiteController->run()
#16 /home/dmtrs/public_html/yii/framework/web/CWebApplication.php(121): CWebApplication->runController()
#17 /home/dmtrs/public_html/yii/framework/base/CApplication.php(135): CWebApplication->processRequest()
#18 /home/dmtrs/public_html/slabs/index.php(13): CWebApplication->run()
REQUEST_URI=/~dmtrs/slabs/
in /home/dmtrs/public_html/slabs/protected/views/layouts/main.php (47)
in /home/dmtrs/public_html/slabs/protected/views/layouts/column1.php (7)
in /home/dmtrs/public_html/slabs/protected/controllers/SiteController.php (32)
2010/10/04 23:09:46 [error] [system.db.CDbCommand] Error in querying SQL: SHOW COLUMNS FROM `slabs_reports`
in /home/dmtrsslvdr/public_html/yii/framework/gii/generators/model/ModelCode.php (122)
in /home/dmtrsslvdr/public_html/yii/framework/gii/generators/model/ModelCode.php (98)
in /home/dmtrsslvdr/public_html/yii/framework/gii/CCodeGenerator.php (155)
2010/10/04 23:09:56 [error] [system.db.CDbCommand] Error in querying SQL: SHOW COLUMNS FROM `slabs_report`
in /home/dmtrsslvdr/public_html/yii/framework/gii/generators/model/ModelCode.php (319)
in /home/dmtrsslvdr/public_html/yii/framework/gii/generators/model/ModelCode.php (243)
in /home/dmtrsslvdr/public_html/yii/framework/gii/generators/model/ModelCode.php (71)
2010/10/06 23:21:02 [error] [php] Missing argument 1 for PersonController::actionView(), called in /home/dmtrsslvdr/public_html/yii/framework/web/actions/CInlineAction.php on line 32 and defined (/home/dmtrsslvdr/public_html/slabs/protected/controllers/PersonController.php:51)
Stack trace:
#0 /home/dmtrsslvdr/public_html/yii/framework/web/filters/CFilterChain.php(129): PersonController->runAction()
#1 /home/dmtrsslvdr/public_html/yii/framework/web/filters/CFilter.php(41): CFilterChain->run()
#2 /home/dmtrsslvdr/public_html/yii/framework/web/CController.php(999): CAccessControlFilter->filter()
#3 /home/dmtrsslvdr/public_html/yii/framework/web/filters/CInlineFilter.php(59): PersonController->filterAccessControl()
#4 /home/dmtrsslvdr/public_html/yii/framework/web/filters/CFilterChain.php(126): CInlineFilter->filter()
#5 /home/dmtrsslvdr/public_html/yii/framework/web/CController.php(283): CFilterChain->run()
#6 /home/dmtrsslvdr/public_html/yii/framework/web/CController.php(257): PersonController->runActionWithFilters()
#7 /home/dmtrsslvdr/public_html/yii/framework/web/CWebApplication.php(320): PersonController->run()
#8 /home/dmtrsslvdr/public_html/yii/framework/web/CWebApplication.php(120): CWebApplication->runController()
#9 /home/dmtrsslvdr/public_html/yii/framework/base/CApplication.php(135): CWebApplication->processRequest()
#10 /home/dmtrsslvdr/public_html/slabs/index.php(13): CWebApplication->run()
REQUEST_URI=/slabs/index.php?r=person/view&id=1
in /home/dmtrsslvdr/public_html/slabs/protected/controllers/PersonController.php (51)
in /home/dmtrsslvdr/public_html/slabs/index.php (13)
2010/10/06 23:22:59 [error] [php] Missing argument 1 for PersonController::loadModel(), called in /home/dmtrsslvdr/public_html/slabs/protected/controllers/PersonController.php on line 54 and defined (/home/dmtrsslvdr/public_html/slabs/protected/controllers/PersonController.php:156)
Stack trace:
#0 /home/dmtrsslvdr/public_html/yii/framework/web/CController.php(300): CInlineAction->run()
#1 /home/dmtrsslvdr/public_html/yii/framework/web/filters/CFilterChain.php(129): PersonController->runAction()
#2 /home/dmtrsslvdr/public_html/yii/framework/web/filters/CFilter.php(41): CFilterChain->run()
#3 /home/dmtrsslvdr/public_html/yii/framework/web/CController.php(999): CAccessControlFilter->filter()
#4 /home/dmtrsslvdr/public_html/yii/framework/web/filters/CInlineFilter.php(59): PersonController->filterAccessControl()
#5 /home/dmtrsslvdr/public_html/yii/framework/web/filters/CFilterChain.php(126): CInlineFilter->filter()
#6 /home/dmtrsslvdr/public_html/yii/framework/web/CController.php(283): CFilterChain->run()
#7 /home/dmtrsslvdr/public_html/yii/framework/web/CController.php(257): PersonController->runActionWithFilters()
#8 /home/dmtrsslvdr/public_html/yii/framework/web/CWebApplication.php(320): PersonController->run()
#9 /home/dmtrsslvdr/public_html/yii/framework/web/CWebApplication.php(120): CWebApplication->runController()
#10 /home/dmtrsslvdr/public_html/yii/framework/base/CApplication.php(135): CWebApplication->processRequest()
#11 /home/dmtrsslvdr/public_html/slabs/index.php(13): CWebApplication->run()
REQUEST_URI=/slabs/index.php?r=person/view&id=1
in /home/dmtrsslvdr/public_html/slabs/protected/controllers/PersonController.php (156)
in /home/dmtrsslvdr/public_html/slabs/protected/controllers/PersonController.php (54)
in /home/dmtrsslvdr/public_html/slabs/index.php (13)
2010/10/06 23:23:18 [error] [php] Missing argument 1 for PersonController::loadModel(), called in /home/dmtrsslvdr/public_html/slabs/protected/controllers/PersonController.php on line 54 and defined (/home/dmtrsslvdr/public_html/slabs/protected/controllers/PersonController.php:156)
Stack trace:
#0 /home/dmtrsslvdr/public_html/yii/framework/web/CController.php(300): CInlineAction->run()
#1 /home/dmtrsslvdr/public_html/yii/framework/web/filters/CFilterChain.php(129): PersonController->runAction()
#2 /home/dmtrsslvdr/public_html/yii/framework/web/filters/CFilter.php(41): CFilterChain->run()
#3 /home/dmtrsslvdr/public_html/yii/framework/web/CController.php(999): CAccessControlFilter->filter()
#4 /home/dmtrsslvdr/public_html/yii/framework/web/filters/CInlineFilter.php(59): PersonController->filterAccessControl()
#5 /home/dmtrsslvdr/public_html/yii/framework/web/filters/CFilterChain.php(126): CInlineFilter->filter()
#6 /home/dmtrsslvdr/public_html/yii/framework/web/CController.php(283): CFilterChain->run()
#7 /home/dmtrsslvdr/public_html/yii/framework/web/CController.php(257): PersonController->runActionWithFilters()
#8 /home/dmtrsslvdr/public_html/yii/framework/web/CWebApplication.php(320): PersonController->run()
#9 /home/dmtrsslvdr/public_html/yii/framework/web/CWebApplication.php(120): CWebApplication->runController()
#10 /home/dmtrsslvdr/public_html/yii/framework/base/CApplication.php(135): CWebApplication->processRequest()
#11 /home/dmtrsslvdr/public_html/slabs/index.php(13): CWebApplication->run()
REQUEST_URI=/slabs/index.php?r=person/view&id=2
in /home/dmtrsslvdr/public_html/slabs/protected/controllers/PersonController.php (156)
in /home/dmtrsslvdr/public_html/slabs/protected/controllers/PersonController.php (54)
in /home/dmtrsslvdr/public_html/slabs/index.php (13)
2010/10/06 23:24:25 [error] [exception.CHttpException.404] exception 'CHttpException' with message 'Unable to resolve the request "ισσθε".' in /home/dmtrsslvdr/public_html/yii/framework/web/CWebApplication.php:324
Stack trace:
#0 /home/dmtrsslvdr/public_html/yii/framework/web/CWebApplication.php(120): CWebApplication->runController('??????????')
#1 /home/dmtrsslvdr/public_html/yii/framework/base/CApplication.php(135): CWebApplication->processRequest()
#2 /home/dmtrsslvdr/public_html/slabs/index.php(13): CApplication->run()
#3 {main} REQUEST_URI=/slabs/index.php?r=%CE%B9%CF%83%CF%83%CE%B8%CE%B5
2010/10/06 23:25:06 [error] [exception.CHttpException.403] exception 'CHttpException' with message 'You are not authorized to perform this action.' in /home/dmtrsslvdr/public_html/yii/framework/web/auth/CAccessControlFilter.php:153
Stack trace:
#0 /home/dmtrsslvdr/public_html/yii/framework/web/auth/CAccessControlFilter.php(115): CAccessControlFilter->accessDenied(Object(CWebUser), 'You are not aut...')
#1 /home/dmtrsslvdr/public_html/yii/framework/web/filters/CFilter.php(39): CAccessControlFilter->preFilter(Object(CFilterChain))
#2 /home/dmtrsslvdr/public_html/yii/framework/web/CController.php(999): CFilter->filter(Object(CFilterChain))
#3 /home/dmtrsslvdr/public_html/yii/framework/web/filters/CInlineFilter.php(59): CController->filterAccessControl(Object(CFilterChain))
#4 /home/dmtrsslvdr/public_html/yii/framework/web/filters/CFilterChain.php(126): CInlineFilter->filter(Object(CFilterChain))
#5 /home/dmtrsslvdr/public_html/yii/framework/web/CController.php(283): CFilterChain->run()
#6 /home/dmtrsslvdr/public_html/yii/framework/web/CController.php(257): CController->runActionWithFilters(Object(CInlineAction), Array)
#7 /home/dmtrsslvdr/public_html/yii/framework/web/CWebApplication.php(320): CController->run('lookup')
#8 /home/dmtrsslvdr/public_html/yii/framework/web/CWebApplication.php(120): CWebApplication->runController('person/lookup')
#9 /home/dmtrsslvdr/public_html/yii/framework/base/CApplication.php(135): CWebApplication->processRequest()
#10 /home/dmtrsslvdr/public_html/slabs/index.php(13): CApplication->run()
#11 {main} REQUEST_URI=/slabs/index.php?r=person/lookup&q=%CE%B4%CE%B7%CE%BC%CE%AE&limit=10&timestamp=1286396706086
2010/10/06 23:25:12 [error] [exception.CHttpException.403] exception 'CHttpException' with message 'You are not authorized to perform this action.' in /home/dmtrsslvdr/public_html/yii/framework/web/auth/CAccessControlFilter.php:153
Stack trace:
#0 /home/dmtrsslvdr/public_html/yii/framework/web/auth/CAccessControlFilter.php(115): CAccessControlFilter->accessDenied(Object(CWebUser), 'You are not aut...')
#1 /home/dmtrsslvdr/public_html/yii/framework/web/filters/CFilter.php(39): CAccessControlFilter->preFilter(Object(CFilterChain))
#2 /home/dmtrsslvdr/public_html/yii/framework/web/CController.php(999): CFilter->filter(Object(CFilterChain))
#3 /home/dmtrsslvdr/public_html/yii/framework/web/filters/CInlineFilter.php(59): CController->filterAccessControl(Object(CFilterChain))
#4 /home/dmtrsslvdr/public_html/yii/framework/web/filters/CFilterChain.php(126): CInlineFilter->filter(Object(CFilterChain))
#5 /home/dmtrsslvdr/public_html/yii/framework/web/CController.php(283): CFilterChain->run()
#6 /home/dmtrsslvdr/public_html/yii/framework/web/CController.php(257): CController->runActionWithFilters(Object(CInlineAction), Array)
#7 /home/dmtrsslvdr/public_html/yii/framework/web/CWebApplication.php(320): CController->run('lookup')
#8 /home/dmtrsslvdr/public_html/yii/framework/web/CWebApplication.php(120): CWebApplication->runController('person/lookup')
#9 /home/dmtrsslvdr/public_html/yii/framework/base/CApplication.php(135): CWebApplication->processRequest()
#10 /home/dmtrsslvdr/public_html/slabs/index.php(13): CApplication->run()
#11 {main} REQUEST_URI=/slabs/index.php?r=person/lookup&q=%CE%B4%CE%B7%CE%BC%CE%AE%CF%84&limit=10&timestamp=1286396712025
2010/10/06 23:26:07 [error] [exception.CException] exception 'CException' with message 'Property "Issue.ps_id" is not defined.' in /home/dmtrsslvdr/public_html/yii/framework/base/CComponent.php:131
Stack trace:
#0 /home/dmtrsslvdr/public_html/yii/framework/db/ar/CActiveRecord.php(107): CComponent->__get('ps_id')
#1 /home/dmtrsslvdr/public_html/yii/framework/validators/CRequiredValidator.php(46): CActiveRecord->__get('ps_id')
#2 /home/dmtrsslvdr/public_html/yii/framework/validators/CValidator.php(176): CRequiredValidator->validateAttribute(Object(Issue), 'ps_id')
#3 /home/dmtrsslvdr/public_html/yii/framework/base/CModel.php(150): CValidator->validate(Object(Issue), NULL)
#4 /home/dmtrsslvdr/public_html/yii/framework/db/ar/CActiveRecord.php(712): CModel->validate(NULL)
#5 /home/dmtrsslvdr/public_html/slabs/protected/controllers/IssueController.php(79): CActiveRecord->save()
#6 /home/dmtrsslvdr/public_html/yii/framework/web/actions/CInlineAction.php(32): IssueController->actionCreate()
#7 /home/dmtrsslvdr/public_html/yii/framework/web/CController.php(300): CInlineAction->run()
#8 /home/dmtrsslvdr/public_html/yii/framework/web/filters/CFilterChain.php(129): CController->runAction(Object(CInlineAction))
#9 /home/dmtrsslvdr/public_html/yii/framework/web/filters/CFilter.php(41): CFilterChain->run()
#10 /home/dmtrsslvdr/public_html/yii/framework/web/CController.php(999): CFilter->filter(Object(CFilterChain))
#11 /home/dmtrsslvdr/public_html/yii/framework/web/filters/CInlineFilter.php(59): CController->filterAccessControl(Object(CFilterChain))
#12 /home/dmtrsslvdr/public_html/yii/framework/web/filters/CFilterChain.php(126): CInlineFilter->filter(Object(CFilterChain))
#13 /home/dmtrsslvdr/public_html/yii/framework/web/CController.php(283): CFilterChain->run()
#14 /home/dmtrsslvdr/public_html/yii/framework/web/CController.php(257): CController->runActionWithFilters(Object(CInlineAction), Array)
#15 /home/dmtrsslvdr/public_html/yii/framework/web/CWebApplication.php(320): CController->run('create')
#16 /home/dmtrsslvdr/public_html/yii/framework/web/CWebApplication.php(120): CWebApplication->runController('issue/create')
#17 /home/dmtrsslvdr/public_html/yii/framework/base/CApplication.php(135): CWebApplication->processRequest()
#18 /home/dmtrsslvdr/public_html/slabs/index.php(13): CApplication->run()
#19 {main} REQUEST_URI=/slabs/index.php?r=issue/create
2010/10/06 23:42:39 [error] [exception.CException] exception 'CException' with message 'Property "Issue.ps_id" is not defined.' in /home/dmtrsslvdr/public_html/yii/framework/base/CComponent.php:131
Stack trace:
#0 /home/dmtrsslvdr/public_html/yii/framework/db/ar/CActiveRecord.php(107): CComponent->__get('ps_id')
#1 /home/dmtrsslvdr/public_html/yii/framework/validators/CRequiredValidator.php(46): CActiveRecord->__get('ps_id')
#2 /home/dmtrsslvdr/public_html/yii/framework/validators/CValidator.php(176): CRequiredValidator->validateAttribute(Object(Issue), 'ps_id')
#3 /home/dmtrsslvdr/public_html/yii/framework/base/CModel.php(150): CValidator->validate(Object(Issue), NULL)
#4 /home/dmtrsslvdr/public_html/yii/framework/db/ar/CActiveRecord.php(712): CModel->validate(NULL)
#5 /home/dmtrsslvdr/public_html/slabs/protected/controllers/IssueController.php(79): CActiveRecord->save()
#6 /home/dmtrsslvdr/public_html/yii/framework/web/actions/CInlineAction.php(32): IssueController->actionCreate()
#7 /home/dmtrsslvdr/public_html/yii/framework/web/CController.php(300): CInlineAction->run()
#8 /home/dmtrsslvdr/public_html/yii/framework/web/filters/CFilterChain.php(129): CController->runAction(Object(CInlineAction))
#9 /home/dmtrsslvdr/public_html/yii/framework/web/filters/CFilter.php(41): CFilterChain->run()
#10 /home/dmtrsslvdr/public_html/yii/framework/web/CController.php(999): CFilter->filter(Object(CFilterChain))
#11 /home/dmtrsslvdr/public_html/yii/framework/web/filters/CInlineFilter.php(59): CController->filterAccessControl(Object(CFilterChain))
#12 /home/dmtrsslvdr/public_html/yii/framework/web/filters/CFilterChain.php(126): CInlineFilter->filter(Object(CFilterChain))
#13 /home/dmtrsslvdr/public_html/yii/framework/web/CController.php(283): CFilterChain->run()
#14 /home/dmtrsslvdr/public_html/yii/framework/web/CController.php(257): CController->runActionWithFilters(Object(CInlineAction), Array)
#15 /home/dmtrsslvdr/public_html/yii/framework/web/CWebApplication.php(320): CController->run('create')
#16 /home/dmtrsslvdr/public_html/yii/framework/web/CWebApplication.php(120): CWebApplication->runController('issue/create')
#17 /home/dmtrsslvdr/public_html/yii/framework/base/CApplication.php(135): CWebApplication->processRequest()
#18 /home/dmtrsslvdr/public_html/slabs/index.php(13): CApplication->run()
#19 {main} REQUEST_URI=/slabs/index.php?r=issue/create
2010/10/06 23:50:11 [error] [exception.CException] exception 'CException' with message 'Property "Issue.ps_id" is not defined.' in /home/dmtrsslvdr/public_html/yii/framework/base/CComponent.php:131
Stack trace:
#0 /home/dmtrsslvdr/public_html/yii/framework/db/ar/CActiveRecord.php(107): CComponent->__get('ps_id')
#1 /home/dmtrsslvdr/public_html/yii/framework/web/helpers/CHtml.php(1692): CActiveRecord->__get('ps_id')
#2 /home/dmtrsslvdr/public_html/yii/framework/web/helpers/CHtml.php(1180): CHtml::activeInputField('hidden', Object(Issue), 'ps_id', Array)
#3 /home/dmtrsslvdr/public_html/yii/framework/web/widgets/CActiveForm.php(385): CHtml::activeHiddenField(Object(Issue), 'ps_id', Array)
#4 /home/dmtrsslvdr/public_html/slabs/protected/views/issue/_form.php(70): CActiveForm->hiddenField(Object(Issue), 'ps_id')
#5 /home/dmtrsslvdr/public_html/yii/framework/web/CBaseController.php(119): require('/home/dmtrsslvd...')
#6 /home/dmtrsslvdr/public_html/yii/framework/web/CBaseController.php(88): CBaseController->renderInternal('/home/dmtrsslvd...', Array, true)
#7 /home/dmtrsslvdr/public_html/yii/framework/web/CController.php(748): CBaseController->renderFile('/home/dmtrsslvd...', Array, true)
#8 /home/dmtrsslvdr/public_html/slabs/protected/views/issue/create.php(15): CController->renderPartial('_form', Array)
#9 /home/dmtrsslvdr/public_html/yii/framework/web/CBaseController.php(119): require('/home/dmtrsslvd...')
#10 /home/dmtrsslvdr/public_html/yii/framework/web/CBaseController.php(88): CBaseController->renderInternal('/home/dmtrsslvd...', Array, true)
#11 /home/dmtrsslvdr/public_html/yii/framework/web/CController.php(748): CBaseController->renderFile('/home/dmtrsslvd...', Array, true)
#12 /home/dmtrsslvdr/public_html/yii/framework/web/CController.php(687): CController->renderPartial('create', Array, true)
#13 /home/dmtrsslvdr/public_html/slabs/protected/controllers/IssueController.php(85): CController->render('create', Array)
#14 /home/dmtrsslvdr/public_html/yii/framework/web/actions/CInlineAction.php(32): IssueController->actionCreate()
#15 /home/dmtrsslvdr/public_html/yii/framework/web/CController.php(300): CInlineAction->run()
#16 /home/dmtrsslvdr/public_html/yii/framework/web/filters/CFilterChain.php(129): CController->runAction(Object(CInlineAction))
#17 /home/dmtrsslvdr/public_html/yii/framework/web/filters/CFilter.php(41): CFilterChain->run()
#18 /home/dmtrsslvdr/public_html/yii/framework/web/CController.php(999): CFilter->filter(Object(CFilterChain))
#19 /home/dmtrsslvdr/public_html/yii/framework/web/filters/CInlineFilter.php(59): CController->filterAccessControl(Object(CFilterChain))
#20 /home/dmtrsslvdr/public_html/yii/framework/web/filters/CFilterChain.php(126): CInlineFilter->filter(Object(CFilterChain))
#21 /home/dmtrsslvdr/public_html/yii/framework/web/CController.php(283): CFilterChain->run()
#22 /home/dmtrsslvdr/public_html/yii/framework/web/CController.php(257): CController->runActionWithFilters(Object(CInlineAction), Array)
#23 /home/dmtrsslvdr/public_html/yii/framework/web/CWebApplication.php(320): CController->run('create')
#24 /home/dmtrsslvdr/public_html/yii/framework/web/CWebApplication.php(120): CWebApplication->runController('issue/create')
#25 /home/dmtrsslvdr/public_html/yii/framework/base/CApplication.php(135): CWebApplication->processRequest()
#26 /home/dmtrsslvdr/public_html/slabs/index.php(13): CApplication->run()
#27 {main} REQUEST_URI=/slabs/index.php?r=issue/create
2010/10/06 23:50:15 [error] [exception.CException] exception 'CException' with message 'Property "Issue.ps_id" is not defined.' in /home/dmtrsslvdr/public_html/yii/framework/base/CComponent.php:131
Stack trace:
#0 /home/dmtrsslvdr/public_html/yii/framework/db/ar/CActiveRecord.php(107): CComponent->__get('ps_id')
#1 /home/dmtrsslvdr/public_html/yii/framework/web/helpers/CHtml.php(1692): CActiveRecord->__get('ps_id')
#2 /home/dmtrsslvdr/public_html/yii/framework/web/helpers/CHtml.php(1180): CHtml::activeInputField('hidden', Object(Issue), 'ps_id', Array)
#3 /home/dmtrsslvdr/public_html/yii/framework/web/widgets/CActiveForm.php(385): CHtml::activeHiddenField(Object(Issue), 'ps_id', Array)
#4 /home/dmtrsslvdr/public_html/slabs/protected/views/issue/_form.php(70): CActiveForm->hiddenField(Object(Issue), 'ps_id')
#5 /home/dmtrsslvdr/public_html/yii/framework/web/CBaseController.php(119): require('/home/dmtrsslvd...')
#6 /home/dmtrsslvdr/public_html/yii/framework/web/CBaseController.php(88): CBaseController->renderInternal('/home/dmtrsslvd...', Array, true)
#7 /home/dmtrsslvdr/public_html/yii/framework/web/CController.php(748): CBaseController->renderFile('/home/dmtrsslvd...', Array, true)
#8 /home/dmtrsslvdr/public_html/slabs/protected/views/issue/create.php(15): CController->renderPartial('_form', Array)
#9 /home/dmtrsslvdr/public_html/yii/framework/web/CBaseController.php(119): require('/home/dmtrsslvd...')
#10 /home/dmtrsslvdr/public_html/yii/framework/web/CBaseController.php(88): CBaseController->renderInternal('/home/dmtrsslvd...', Array, true)
#11 /home/dmtrsslvdr/public_html/yii/framework/web/CController.php(748): CBaseController->renderFile('/home/dmtrsslvd...', Array, true)
#12 /home/dmtrsslvdr/public_html/yii/framework/web/CController.php(687): CController->renderPartial('create', Array, true)
#13 /home/dmtrsslvdr/public_html/slabs/protected/controllers/IssueController.php(85): CController->render('create', Array)
#14 /home/dmtrsslvdr/public_html/yii/framework/web/actions/CInlineAction.php(32): IssueController->actionCreate()
#15 /home/dmtrsslvdr/public_html/yii/framework/web/CController.php(300): CInlineAction->run()
#16 /home/dmtrsslvdr/public_html/yii/framework/web/filters/CFilterChain.php(129): CController->runAction(Object(CInlineAction))
#17 /home/dmtrsslvdr/public_html/yii/framework/web/filters/CFilter.php(41): CFilterChain->run()
#18 /home/dmtrsslvdr/public_html/yii/framework/web/CController.php(999): CFilter->filter(Object(CFilterChain))
#19 /home/dmtrsslvdr/public_html/yii/framework/web/filters/CInlineFilter.php(59): CController->filterAccessControl(Object(CFilterChain))
#20 /home/dmtrsslvdr/public_html/yii/framework/web/filters/CFilterChain.php(126): CInlineFilter->filter(Object(CFilterChain))
#21 /home/dmtrsslvdr/public_html/yii/framework/web/CController.php(283): CFilterChain->run()
#22 /home/dmtrsslvdr/public_html/yii/framework/web/CController.php(257): CController->runActionWithFilters(Object(CInlineAction), Array)
#23 /home/dmtrsslvdr/public_html/yii/framework/web/CWebApplication.php(320): CController->run('create')
#24 /home/dmtrsslvdr/public_html/yii/framework/web/CWebApplication.php(120): CWebApplication->runController('issue/create')
#25 /home/dmtrsslvdr/public_html/yii/framework/base/CApplication.php(135): CWebApplication->processRequest()
#26 /home/dmtrsslvdr/public_html/slabs/index.php(13): CApplication->run()
#27 {main} REQUEST_URI=/slabs/index.php?r=issue/create
2010/10/06 23:53:39 [error] [exception.CException] exception 'CException' with message 'Property "Issue.ps_id" is not defined.' in /home/dmtrsslvdr/public_html/yii/framework/base/CComponent.php:131
Stack trace:
#0 /home/dmtrsslvdr/public_html/yii/framework/db/ar/CActiveRecord.php(107): CComponent->__get('ps_id')
#1 /home/dmtrsslvdr/public_html/yii/framework/web/helpers/CHtml.php(1692): CActiveRecord->__get('ps_id')
#2 /home/dmtrsslvdr/public_html/yii/framework/web/helpers/CHtml.php(1180): CHtml::activeInputField('hidden', Object(Issue), 'ps_id', Array)
#3 /home/dmtrsslvdr/public_html/yii/framework/web/widgets/CActiveForm.php(385): CHtml::activeHiddenField(Object(Issue), 'ps_id', Array)
#4 /home/dmtrsslvdr/public_html/slabs/protected/views/issue/_form.php(70): CActiveForm->hiddenField(Object(Issue), 'ps_id')
#5 /home/dmtrsslvdr/public_html/yii/framework/web/CBaseController.php(119): require('/home/dmtrsslvd...')
#6 /home/dmtrsslvdr/public_html/yii/framework/web/CBaseController.php(88): CBaseController->renderInternal('/home/dmtrsslvd...', Array, true)
#7 /home/dmtrsslvdr/public_html/yii/framework/web/CController.php(748): CBaseController->renderFile('/home/dmtrsslvd...', Array, true)
#8 /home/dmtrsslvdr/public_html/slabs/protected/views/issue/create.php(15): CController->renderPartial('_form', Array)
#9 /home/dmtrsslvdr/public_html/yii/framework/web/CBaseController.php(119): require('/home/dmtrsslvd...')
#10 /home/dmtrsslvdr/public_html/yii/framework/web/CBaseController.php(88): CBaseController->renderInternal('/home/dmtrsslvd...', Array, true)
#11 /home/dmtrsslvdr/public_html/yii/framework/web/CController.php(748): CBaseController->renderFile('/home/dmtrsslvd...', Array, true)
#12 /home/dmtrsslvdr/public_html/yii/framework/web/CController.php(687): CController->renderPartial('create', Array, true)
#13 /home/dmtrsslvdr/public_html/slabs/protected/controllers/IssueController.php(85): CController->render('create', Array)
#14 /home/dmtrsslvdr/public_html/yii/framework/web/actions/CInlineAction.php(32): IssueController->actionCreate()
#15 /home/dmtrsslvdr/public_html/yii/framework/web/CController.php(300): CInlineAction->run()
#16 /home/dmtrsslvdr/public_html/yii/framework/web/filters/CFilterChain.php(129): CController->runAction(Object(CInlineAction))
#17 /home/dmtrsslvdr/public_html/yii/framework/web/filters/CFilter.php(41): CFilterChain->run()
#18 /home/dmtrsslvdr/public_html/yii/framework/web/CController.php(999): CFilter->filter(Object(CFilterChain))
#19 /home/dmtrsslvdr/public_html/yii/framework/web/filters/CInlineFilter.php(59): CController->filterAccessControl(Object(CFilterChain))
#20 /home/dmtrsslvdr/public_html/yii/framework/web/filters/CFilterChain.php(126): CInlineFilter->filter(Object(CFilterChain))
#21 /home/dmtrsslvdr/public_html/yii/framework/web/CController.php(283): CFilterChain->run()
#22 /home/dmtrsslvdr/public_html/yii/framework/web/CController.php(257): CController->runActionWithFilters(Object(CInlineAction), Array)
#23 /home/dmtrsslvdr/public_html/yii/framework/web/CWebApplication.php(320): CController->run('create')
#24 /home/dmtrsslvdr/public_html/yii/framework/web/CWebApplication.php(120): CWebApplication->runController('issue/create')
#25 /home/dmtrsslvdr/public_html/yii/framework/base/CApplication.php(135): CWebApplication->processRequest()
#26 /home/dmtrsslvdr/public_html/slabs/index.php(13): CApplication->run()
#27 {main} REQUEST_URI=/slabs/index.php?r=issue/create
2010/10/06 23:53:42 [error] [exception.CException] exception 'CException' with message 'Property "Issue.ps_id" is not defined.' in /home/dmtrsslvdr/public_html/yii/framework/base/CComponent.php:131
Stack trace:
#0 /home/dmtrsslvdr/public_html/yii/framework/db/ar/CActiveRecord.php(107): CComponent->__get('ps_id')
#1 /home/dmtrsslvdr/public_html/yii/framework/web/helpers/CHtml.php(1692): CActiveRecord->__get('ps_id')
#2 /home/dmtrsslvdr/public_html/yii/framework/web/helpers/CHtml.php(1180): CHtml::activeInputField('hidden', Object(Issue), 'ps_id', Array)
#3 /home/dmtrsslvdr/public_html/yii/framework/web/widgets/CActiveForm.php(385): CHtml::activeHiddenField(Object(Issue), 'ps_id', Array)
#4 /home/dmtrsslvdr/public_html/slabs/protected/views/issue/_form.php(70): CActiveForm->hiddenField(Object(Issue), 'ps_id')
#5 /home/dmtrsslvdr/public_html/yii/framework/web/CBaseController.php(119): require('/home/dmtrsslvd...')
#6 /home/dmtrsslvdr/public_html/yii/framework/web/CBaseController.php(88): CBaseController->renderInternal('/home/dmtrsslvd...', Array, true)
#7 /home/dmtrsslvdr/public_html/yii/framework/web/CController.php(748): CBaseController->renderFile('/home/dmtrsslvd...', Array, true)
#8 /home/dmtrsslvdr/public_html/slabs/protected/views/issue/create.php(15): CController->renderPartial('_form', Array)
#9 /home/dmtrsslvdr/public_html/yii/framework/web/CBaseController.php(119): require('/home/dmtrsslvd...')
#10 /home/dmtrsslvdr/public_html/yii/framework/web/CBaseController.php(88): CBaseController->renderInternal('/home/dmtrsslvd...', Array, true)
#11 /home/dmtrsslvdr/public_html/yii/framework/web/CController.php(748): CBaseController->renderFile('/home/dmtrsslvd...', Array, true)
#12 /home/dmtrsslvdr/public_html/yii/framework/web/CController.php(687): CController->renderPartial('create', Array, true)
#13 /home/dmtrsslvdr/public_html/slabs/protected/controllers/IssueController.php(85): CController->render('create', Array)
#14 /home/dmtrsslvdr/public_html/yii/framework/web/actions/CInlineAction.php(32): IssueController->actionCreate()
#15 /home/dmtrsslvdr/public_html/yii/framework/web/CController.php(300): CInlineAction->run()
#16 /home/dmtrsslvdr/public_html/yii/framework/web/filters/CFilterChain.php(129): CController->runAction(Object(CInlineAction))
#17 /home/dmtrsslvdr/public_html/yii/framework/web/filters/CFilter.php(41): CFilterChain->run()
#18 /home/dmtrsslvdr/public_html/yii/framework/web/CController.php(999): CFilter->filter(Object(CFilterChain))
#19 /home/dmtrsslvdr/public_html/yii/framework/web/filters/CInlineFilter.php(59): CController->filterAccessControl(Object(CFilterChain))
#20 /home/dmtrsslvdr/public_html/yii/framework/web/filters/CFilterChain.php(126): CInlineFilter->filter(Object(CFilterChain))
#21 /home/dmtrsslvdr/public_html/yii/framework/web/CController.php(283): CFilterChain->run()
#22 /home/dmtrsslvdr/public_html/yii/framework/web/CController.php(257): CController->runActionWithFilters(Object(CInlineAction), Array)
#23 /home/dmtrsslvdr/public_html/yii/framework/web/CWebApplication.php(320): CController->run('create')
#24 /home/dmtrsslvdr/public_html/yii/framework/web/CWebApplication.php(120): CWebApplication->runController('issue/create')
#25 /home/dmtrsslvdr/public_html/yii/framework/base/CApplication.php(135): CWebApplication->processRequest()
#26 /home/dmtrsslvdr/public_html/slabs/index.php(13): CApplication->run()
#27 {main} REQUEST_URI=/slabs/index.php?r=issue/create
2010/10/06 23:53:43 [error] [exception.CException] exception 'CException' with message 'Property "Issue.ps_id" is not defined.' in /home/dmtrsslvdr/public_html/yii/framework/base/CComponent.php:131
Stack trace:
#0 /home/dmtrsslvdr/public_html/yii/framework/db/ar/CActiveRecord.php(107): CComponent->__get('ps_id')
#1 /home/dmtrsslvdr/public_html/yii/framework/web/helpers/CHtml.php(1692): CActiveRecord->__get('ps_id')
#2 /home/dmtrsslvdr/public_html/yii/framework/web/helpers/CHtml.php(1180): CHtml::activeInputField('hidden', Object(Issue), 'ps_id', Array)
#3 /home/dmtrsslvdr/public_html/yii/framework/web/widgets/CActiveForm.php(385): CHtml::activeHiddenField(Object(Issue), 'ps_id', Array)
#4 /home/dmtrsslvdr/public_html/slabs/protected/views/issue/_form.php(70): CActiveForm->hiddenField(Object(Issue), 'ps_id')
#5 /home/dmtrsslvdr/public_html/yii/framework/web/CBaseController.php(119): require('/home/dmtrsslvd...')
#6 /home/dmtrsslvdr/public_html/yii/framework/web/CBaseController.php(88): CBaseController->renderInternal('/home/dmtrsslvd...', Array, true)
#7 /home/dmtrsslvdr/public_html/yii/framework/web/CController.php(748): CBaseController->renderFile('/home/dmtrsslvd...', Array, true)
#8 /home/dmtrsslvdr/public_html/slabs/protected/views/issue/create.php(15): CController->renderPartial('_form', Array)
#9 /home/dmtrsslvdr/public_html/yii/framework/web/CBaseController.php(119): require('/home/dmtrsslvd...')
#10 /home/dmtrsslvdr/public_html/yii/framework/web/CBaseController.php(88): CBaseController->renderInternal('/home/dmtrsslvd...', Array, true)
#11 /home/dmtrsslvdr/public_html/yii/framework/web/CController.php(748): CBaseController->renderFile('/home/dmtrsslvd...', Array, true)
#12 /home/dmtrsslvdr/public_html/yii/framework/web/CController.php(687): CController->renderPartial('create', Array, true)
#13 /home/dmtrsslvdr/public_html/slabs/protected/controllers/IssueController.php(85): CController->render('create', Array)
#14 /home/dmtrsslvdr/public_html/yii/framework/web/actions/CInlineAction.php(32): IssueController->actionCreate()
#15 /home/dmtrsslvdr/public_html/yii/framework/web/CController.php(300): CInlineAction->run()
#16 /home/dmtrsslvdr/public_html/yii/framework/web/filters/CFilterChain.php(129): CController->runAction(Object(CInlineAction))
#17 /home/dmtrsslvdr/public_html/yii/framework/web/filters/CFilter.php(41): CFilterChain->run()
#18 /home/dmtrsslvdr/public_html/yii/framework/web/CController.php(999): CFilter->filter(Object(CFilterChain))
#19 /home/dmtrsslvdr/public_html/yii/framework/web/filters/CInlineFilter.php(59): CController->filterAccessControl(Object(CFilterChain))
#20 /home/dmtrsslvdr/public_html/yii/framework/web/filters/CFilterChain.php(126): CInlineFilter->filter(Object(CFilterChain))
#21 /home/dmtrsslvdr/public_html/yii/framework/web/CController.php(283): CFilterChain->run()
#22 /home/dmtrsslvdr/public_html/yii/framework/web/CController.php(257): CController->runActionWithFilters(Object(CInlineAction), Array)
#23 /home/dmtrsslvdr/public_html/yii/framework/web/CWebApplication.php(320): CController->run('create')
#24 /home/dmtrsslvdr/public_html/yii/framework/web/CWebApplication.php(120): CWebApplication->runController('issue/create')
#25 /home/dmtrsslvdr/public_html/yii/framework/base/CApplication.php(135): CWebApplication->processRequest()
#26 /home/dmtrsslvdr/public_html/slabs/index.php(13): CApplication->run()
#27 {main} REQUEST_URI=/slabs/index.php?r=issue/create
2010/10/06 23:53:43 [error] [exception.CException] exception 'CException' with message 'Property "Issue.ps_id" is not defined.' in /home/dmtrsslvdr/public_html/yii/framework/base/CComponent.php:131
Stack trace:
#0 /home/dmtrsslvdr/public_html/yii/framework/db/ar/CActiveRecord.php(107): CComponent->__get('ps_id')
#1 /home/dmtrsslvdr/public_html/yii/framework/web/helpers/CHtml.php(1692): CActiveRecord->__get('ps_id')
#2 /home/dmtrsslvdr/public_html/yii/framework/web/helpers/CHtml.php(1180): CHtml::activeInputField('hidden', Object(Issue), 'ps_id', Array)
#3 /home/dmtrsslvdr/public_html/yii/framework/web/widgets/CActiveForm.php(385): CHtml::activeHiddenField(Object(Issue), 'ps_id', Array)
#4 /home/dmtrsslvdr/public_html/slabs/protected/views/issue/_form.php(70): CActiveForm->hiddenField(Object(Issue), 'ps_id')
#5 /home/dmtrsslvdr/public_html/yii/framework/web/CBaseController.php(119): require('/home/dmtrsslvd...')
#6 /home/dmtrsslvdr/public_html/yii/framework/web/CBaseController.php(88): CBaseController->renderInternal('/home/dmtrsslvd...', Array, true)
#7 /home/dmtrsslvdr/public_html/yii/framework/web/CController.php(748): CBaseController->renderFile('/home/dmtrsslvd...', Array, true)
#8 /home/dmtrsslvdr/public_html/slabs/protected/views/issue/create.php(15): CController->renderPartial('_form', Array)
#9 /home/dmtrsslvdr/public_html/yii/framework/web/CBaseController.php(119): require('/home/dmtrsslvd...')
#10 /home/dmtrsslvdr/public_html/yii/framework/web/CBaseController.php(88): CBaseController->renderInternal('/home/dmtrsslvd...', Array, true)
#11 /home/dmtrsslvdr/public_html/yii/framework/web/CController.php(748): CBaseController->renderFile('/home/dmtrsslvd...', Array, true)
#12 /home/dmtrsslvdr/public_html/yii/framework/web/CController.php(687): CController->renderPartial('create', Array, true)
#13 /home/dmtrsslvdr/public_html/slabs/protected/controllers/IssueController.php(85): CController->render('create', Array)
#14 /home/dmtrsslvdr/public_html/yii/framework/web/actions/CInlineAction.php(32): IssueController->actionCreate()
#15 /home/dmtrsslvdr/public_html/yii/framework/web/CController.php(300): CInlineAction->run()
#16 /home/dmtrsslvdr/public_html/yii/framework/web/filters/CFilterChain.php(129): CController->runAction(Object(CInlineAction))
#17 /home/dmtrsslvdr/public_html/yii/framework/web/filters/CFilter.php(41): CFilterChain->run()
#18 /home/dmtrsslvdr/public_html/yii/framework/web/CController.php(999): CFilter->filter(Object(CFilterChain))
#19 /home/dmtrsslvdr/public_html/yii/framework/web/filters/CInlineFilter.php(59): CController->filterAccessControl(Object(CFilterChain))
#20 /home/dmtrsslvdr/public_html/yii/framework/web/filters/CFilterChain.php(126): CInlineFilter->filter(Object(CFilterChain))
#21 /home/dmtrsslvdr/public_html/yii/framework/web/CController.php(283): CFilterChain->run()
#22 /home/dmtrsslvdr/public_html/yii/framework/web/CController.php(257): CController->runActionWithFilters(Object(CInlineAction), Array)
#23 /home/dmtrsslvdr/public_html/yii/framework/web/CWebApplication.php(320): CController->run('create')
#24 /home/dmtrsslvdr/public_html/yii/framework/web/CWebApplication.php(120): CWebApplication->runController('issue/create')
#25 /home/dmtrsslvdr/public_html/yii/framework/base/CApplication.php(135): CWebApplication->processRequest()
#26 /home/dmtrsslvdr/public_html/slabs/index.php(13): CApplication->run()
#27 {main} REQUEST_URI=/slabs/index.php?r=issue/create
2010/10/06 23:53:43 [error] [exception.CException] exception 'CException' with message 'Property "Issue.ps_id" is not defined.' in /home/dmtrsslvdr/public_html/yii/framework/base/CComponent.php:131
Stack trace:
#0 /home/dmtrsslvdr/public_html/yii/framework/db/ar/CActiveRecord.php(107): CComponent->__get('ps_id')
#1 /home/dmtrsslvdr/public_html/yii/framework/web/helpers/CHtml.php(1692): CActiveRecord->__get('ps_id')
#2 /home/dmtrsslvdr/public_html/yii/framework/web/helpers/CHtml.php(1180): CHtml::activeInputField('hidden', Object(Issue), 'ps_id', Array)
#3 /home/dmtrsslvdr/public_html/yii/framework/web/widgets/CActiveForm.php(385): CHtml::activeHiddenField(Object(Issue), 'ps_id', Array)
#4 /home/dmtrsslvdr/public_html/slabs/protected/views/issue/_form.php(70): CActiveForm->hiddenField(Object(Issue), 'ps_id')
#5 /home/dmtrsslvdr/public_html/yii/framework/web/CBaseController.php(119): require('/home/dmtrsslvd...')
#6 /home/dmtrsslvdr/public_html/yii/framework/web/CBaseController.php(88): CBaseController->renderInternal('/home/dmtrsslvd...', Array, true)
#7 /home/dmtrsslvdr/public_html/yii/framework/web/CController.php(748): CBaseController->renderFile('/home/dmtrsslvd...', Array, true)
#8 /home/dmtrsslvdr/public_html/slabs/protected/views/issue/create.php(15): CController->renderPartial('_form', Array)
#9 /home/dmtrsslvdr/public_html/yii/framework/web/CBaseController.php(119): require('/home/dmtrsslvd...')
#10 /home/dmtrsslvdr/public_html/yii/framework/web/CBaseController.php(88): CBaseController->renderInternal('/home/dmtrsslvd...', Array, true)
#11 /home/dmtrsslvdr/public_html/yii/framework/web/CController.php(748): CBaseController->renderFile('/home/dmtrsslvd...', Array, true)
#12 /home/dmtrsslvdr/public_html/yii/framework/web/CController.php(687): CController->renderPartial('create', Array, true)
#13 /home/dmtrsslvdr/public_html/slabs/protected/controllers/IssueController.php(85): CController->render('create', Array)
#14 /home/dmtrsslvdr/public_html/yii/framework/web/actions/CInlineAction.php(32): IssueController->actionCreate()
#15 /home/dmtrsslvdr/public_html/yii/framework/web/CController.php(300): CInlineAction->run()
#16 /home/dmtrsslvdr/public_html/yii/framework/web/filters/CFilterChain.php(129): CController->runAction(Object(CInlineAction))
#17 /home/dmtrsslvdr/public_html/yii/framework/web/filters/CFilter.php(41): CFilterChain->run()
#18 /home/dmtrsslvdr/public_html/yii/framework/web/CController.php(999): CFilter->filter(Object(CFilterChain))
#19 /home/dmtrsslvdr/public_html/yii/framework/web/filters/CInlineFilter.php(59): CController->filterAccessControl(Object(CFilterChain))
#20 /home/dmtrsslvdr/public_html/yii/framework/web/filters/CFilterChain.php(126): CInlineFilter->filter(Object(CFilterChain))
#21 /home/dmtrsslvdr/public_html/yii/framework/web/CController.php(283): CFilterChain->run()
#22 /home/dmtrsslvdr/public_html/yii/framework/web/CController.php(257): CController->runActionWithFilters(Object(CInlineAction), Array)
#23 /home/dmtrsslvdr/public_html/yii/framework/web/CWebApplication.php(320): CController->run('create')
#24 /home/dmtrsslvdr/public_html/yii/framework/web/CWebApplication.php(120): CWebApplication->runController('issue/create')
#25 /home/dmtrsslvdr/public_html/yii/framework/base/CApplication.php(135): CWebApplication->processRequest()
#26 /home/dmtrsslvdr/public_html/slabs/index.php(13): CApplication->run()
#27 {main} REQUEST_URI=/slabs/index.php?r=issue/create
2010/10/06 23:53:43 [error] [exception.CException] exception 'CException' with message 'Property "Issue.ps_id" is not defined.' in /home/dmtrsslvdr/public_html/yii/framework/base/CComponent.php:131
Stack trace:
#0 /home/dmtrsslvdr/public_html/yii/framework/db/ar/CActiveRecord.php(107): CComponent->__get('ps_id')
#1 /home/dmtrsslvdr/public_html/yii/framework/web/helpers/CHtml.php(1692): CActiveRecord->__get('ps_id')
#2 /home/dmtrsslvdr/public_html/yii/framework/web/helpers/CHtml.php(1180): CHtml::activeInputField('hidden', Object(Issue), 'ps_id', Array)
#3 /home/dmtrsslvdr/public_html/yii/framework/web/widgets/CActiveForm.php(385): CHtml::activeHiddenField(Object(Issue), 'ps_id', Array)
#4 /home/dmtrsslvdr/public_html/slabs/protected/views/issue/_form.php(70): CActiveForm->hiddenField(Object(Issue), 'ps_id')
#5 /home/dmtrsslvdr/public_html/yii/framework/web/CBaseController.php(119): require('/home/dmtrsslvd...')
#6 /home/dmtrsslvdr/public_html/yii/framework/web/CBaseController.php(88): CBaseController->renderInternal('/home/dmtrsslvd...', Array, true)
#7 /home/dmtrsslvdr/public_html/yii/framework/web/CController.php(748): CBaseController->renderFile('/home/dmtrsslvd...', Array, true)
#8 /home/dmtrsslvdr/public_html/slabs/protected/views/issue/create.php(15): CController->renderPartial('_form', Array)
#9 /home/dmtrsslvdr/public_html/yii/framework/web/CBaseController.php(119): require('/home/dmtrsslvd...')
#10 /home/dmtrsslvdr/public_html/yii/framework/web/CBaseController.php(88): CBaseController->renderInternal('/home/dmtrsslvd...', Array, true)
#11 /home/dmtrsslvdr/public_html/yii/framework/web/CController.php(748): CBaseController->renderFile('/home/dmtrsslvd...', Array, true)
#12 /home/dmtrsslvdr/public_html/yii/framework/web/CController.php(687): CController->renderPartial('create', Array, true)
#13 /home/dmtrsslvdr/public_html/slabs/protected/controllers/IssueController.php(85): CController->render('create', Array)
#14 /home/dmtrsslvdr/public_html/yii/framework/web/actions/CInlineAction.php(32): IssueController->actionCreate()
#15 /home/dmtrsslvdr/public_html/yii/framework/web/CController.php(300): CInlineAction->run()
#16 /home/dmtrsslvdr/public_html/yii/framework/web/filters/CFilterChain.php(129): CController->runAction(Object(CInlineAction))
#17 /home/dmtrsslvdr/public_html/yii/framework/web/filters/CFilter.php(41): CFilterChain->run()
#18 /home/dmtrsslvdr/public_html/yii/framework/web/CController.php(999): CFilter->filter(Object(CFilterChain))
#19 /home/dmtrsslvdr/public_html/yii/framework/web/filters/CInlineFilter.php(59): CController->filterAccessControl(Object(CFilterChain))
#20 /home/dmtrsslvdr/public_html/yii/framework/web/filters/CFilterChain.php(126): CInlineFilter->filter(Object(CFilterChain))
#21 /home/dmtrsslvdr/public_html/yii/framework/web/CController.php(283): CFilterChain->run()
#22 /home/dmtrsslvdr/public_html/yii/framework/web/CController.php(257): CController->runActionWithFilters(Object(CInlineAction), Array)
#23 /home/dmtrsslvdr/public_html/yii/framework/web/CWebApplication.php(320): CController->run('create')
#24 /home/dmtrsslvdr/public_html/yii/framework/web/CWebApplication.php(120): CWebApplication->runController('issue/create')
#25 /home/dmtrsslvdr/public_html/yii/framework/base/CApplication.php(135): CWebApplication->processRequest()
#26 /home/dmtrsslvdr/public_html/slabs/index.php(13): CApplication->run()
#27 {main} REQUEST_URI=/slabs/index.php?r=issue/create
2010/10/06 23:53:44 [error] [exception.CException] exception 'CException' with message 'Property "Issue.ps_id" is not defined.' in /home/dmtrsslvdr/public_html/yii/framework/base/CComponent.php:131
Stack trace:
#0 /home/dmtrsslvdr/public_html/yii/framework/db/ar/CActiveRecord.php(107): CComponent->__get('ps_id')
#1 /home/dmtrsslvdr/public_html/yii/framework/web/helpers/CHtml.php(1692): CActiveRecord->__get('ps_id')
#2 /home/dmtrsslvdr/public_html/yii/framework/web/helpers/CHtml.php(1180): CHtml::activeInputField('hidden', Object(Issue), 'ps_id', Array)
#3 /home/dmtrsslvdr/public_html/yii/framework/web/widgets/CActiveForm.php(385): CHtml::activeHiddenField(Object(Issue), 'ps_id', Array)
#4 /home/dmtrsslvdr/public_html/slabs/protected/views/issue/_form.php(70): CActiveForm->hiddenField(Object(Issue), 'ps_id')
#5 /home/dmtrsslvdr/public_html/yii/framework/web/CBaseController.php(119): require('/home/dmtrsslvd...')
#6 /home/dmtrsslvdr/public_html/yii/framework/web/CBaseController.php(88): CBaseController->renderInternal('/home/dmtrsslvd...', Array, true)
#7 /home/dmtrsslvdr/public_html/yii/framework/web/CController.php(748): CBaseController->renderFile('/home/dmtrsslvd...', Array, true)
#8 /home/dmtrsslvdr/public_html/slabs/protected/views/issue/create.php(15): CController->renderPartial('_form', Array)
#9 /home/dmtrsslvdr/public_html/yii/framework/web/CBaseController.php(119): require('/home/dmtrsslvd...')
#10 /home/dmtrsslvdr/public_html/yii/framework/web/CBaseController.php(88): CBaseController->renderInternal('/home/dmtrsslvd...', Array, true)
#11 /home/dmtrsslvdr/public_html/yii/framework/web/CController.php(748): CBaseController->renderFile('/home/dmtrsslvd...', Array, true)
#12 /home/dmtrsslvdr/public_html/yii/framework/web/CController.php(687): CController->renderPartial('create', Array, true)
#13 /home/dmtrsslvdr/public_html/slabs/protected/controllers/IssueController.php(85): CController->render('create', Array)
#14 /home/dmtrsslvdr/public_html/yii/framework/web/actions/CInlineAction.php(32): IssueController->actionCreate()
#15 /home/dmtrsslvdr/public_html/yii/framework/web/CController.php(300): CInlineAction->run()
#16 /home/dmtrsslvdr/public_html/yii/framework/web/filters/CFilterChain.php(129): CController->runAction(Object(CInlineAction))
#17 /home/dmtrsslvdr/public_html/yii/framework/web/filters/CFilter.php(41): CFilterChain->run()
#18 /home/dmtrsslvdr/public_html/yii/framework/web/CController.php(999): CFilter->filter(Object(CFilterChain))
#19 /home/dmtrsslvdr/public_html/yii/framework/web/filters/CInlineFilter.php(59): CController->filterAccessControl(Object(CFilterChain))
#20 /home/dmtrsslvdr/public_html/yii/framework/web/filters/CFilterChain.php(126): CInlineFilter->filter(Object(CFilterChain))
#21 /home/dmtrsslvdr/public_html/yii/framework/web/CController.php(283): CFilterChain->run()
#22 /home/dmtrsslvdr/public_html/yii/framework/web/CController.php(257): CController->runActionWithFilters(Object(CInlineAction), Array)
#23 /home/dmtrsslvdr/public_html/yii/framework/web/CWebApplication.php(320): CController->run('create')
#24 /home/dmtrsslvdr/public_html/yii/framework/web/CWebApplication.php(120): CWebApplication->runController('issue/create')
#25 /home/dmtrsslvdr/public_html/yii/framework/base/CApplication.php(135): CWebApplication->processRequest()
#26 /home/dmtrsslvdr/public_html/slabs/index.php(13): CApplication->run()
#27 {main} REQUEST_URI=/slabs/index.php?r=issue/create
2010/10/06 23:53:44 [error] [exception.CException] exception 'CException' with message 'Property "Issue.ps_id" is not defined.' in /home/dmtrsslvdr/public_html/yii/framework/base/CComponent.php:131
Stack trace:
#0 /home/dmtrsslvdr/public_html/yii/framework/db/ar/CActiveRecord.php(107): CComponent->__get('ps_id')
#1 /home/dmtrsslvdr/public_html/yii/framework/web/helpers/CHtml.php(1692): CActiveRecord->__get('ps_id')
#2 /home/dmtrsslvdr/public_html/yii/framework/web/helpers/CHtml.php(1180): CHtml::activeInputField('hidden', Object(Issue), 'ps_id', Array)
#3 /home/dmtrsslvdr/public_html/yii/framework/web/widgets/CActiveForm.php(385): CHtml::activeHiddenField(Object(Issue), 'ps_id', Array)
#4 /home/dmtrsslvdr/public_html/slabs/protected/views/issue/_form.php(70): CActiveForm->hiddenField(Object(Issue), 'ps_id')
#5 /home/dmtrsslvdr/public_html/yii/framework/web/CBaseController.php(119): require('/home/dmtrsslvd...')
#6 /home/dmtrsslvdr/public_html/yii/framework/web/CBaseController.php(88): CBaseController->renderInternal('/home/dmtrsslvd...', Array, true)
#7 /home/dmtrsslvdr/public_html/yii/framework/web/CController.php(748): CBaseController->renderFile('/home/dmtrsslvd...', Array, true)
#8 /home/dmtrsslvdr/public_html/slabs/protected/views/issue/create.php(15): CController->renderPartial('_form', Array)
#9 /home/dmtrsslvdr/public_html/yii/framework/web/CBaseController.php(119): require('/home/dmtrsslvd...')
#10 /home/dmtrsslvdr/public_html/yii/framework/web/CBaseController.php(88): CBaseController->renderInternal('/home/dmtrsslvd...', Array, true)
#11 /home/dmtrsslvdr/public_html/yii/framework/web/CController.php(748): CBaseController->renderFile('/home/dmtrsslvd...', Array, true)
#12 /home/dmtrsslvdr/public_html/yii/framework/web/CController.php(687): CController->renderPartial('create', Array, true)
#13 /home/dmtrsslvdr/public_html/slabs/protected/controllers/IssueController.php(85): CController->render('create', Array)
#14 /home/dmtrsslvdr/public_html/yii/framework/web/actions/CInlineAction.php(32): IssueController->actionCreate()
#15 /home/dmtrsslvdr/public_html/yii/framework/web/CController.php(300): CInlineAction->run()
#16 /home/dmtrsslvdr/public_html/yii/framework/web/filters/CFilterChain.php(129): CController->runAction(Object(CInlineAction))
#17 /home/dmtrsslvdr/public_html/yii/framework/web/filters/CFilter.php(41): CFilterChain->run()
#18 /home/dmtrsslvdr/public_html/yii/framework/web/CController.php(999): CFilter->filter(Object(CFilterChain))
#19 /home/dmtrsslvdr/public_html/yii/framework/web/filters/CInlineFilter.php(59): CController->filterAccessControl(Object(CFilterChain))
#20 /home/dmtrsslvdr/public_html/yii/framework/web/filters/CFilterChain.php(126): CInlineFilter->filter(Object(CFilterChain))
#21 /home/dmtrsslvdr/public_html/yii/framework/web/CController.php(283): CFilterChain->run()
#22 /home/dmtrsslvdr/public_html/yii/framework/web/CController.php(257): CController->runActionWithFilters(Object(CInlineAction), Array)
#23 /home/dmtrsslvdr/public_html/yii/framework/web/CWebApplication.php(320): CController->run('create')
#24 /home/dmtrsslvdr/public_html/yii/framework/web/CWebApplication.php(120): CWebApplication->runController('issue/create')
#25 /home/dmtrsslvdr/public_html/yii/framework/base/CApplication.php(135): CWebApplication->processRequest()
#26 /home/dmtrsslvdr/public_html/slabs/index.php(13): CApplication->run()
#27 {main} REQUEST_URI=/slabs/index.php?r=issue/create
2010/10/06 23:53:54 [error] [exception.CException] exception 'CException' with message 'Property "Issue.ps_id" is not defined.' in /home/dmtrsslvdr/public_html/yii/framework/base/CComponent.php:131
Stack trace:
#0 /home/dmtrsslvdr/public_html/yii/framework/db/ar/CActiveRecord.php(107): CComponent->__get('ps_id')
#1 /home/dmtrsslvdr/public_html/yii/framework/web/helpers/CHtml.php(1692): CActiveRecord->__get('ps_id')
#2 /home/dmtrsslvdr/public_html/yii/framework/web/helpers/CHtml.php(1180): CHtml::activeInputField('hidden', Object(Issue), 'ps_id', Array)
#3 /home/dmtrsslvdr/public_html/yii/framework/web/widgets/CActiveForm.php(385): CHtml::activeHiddenField(Object(Issue), 'ps_id', Array)
#4 /home/dmtrsslvdr/public_html/slabs/protected/views/issue/_form.php(70): CActiveForm->hiddenField(Object(Issue), 'ps_id')
#5 /home/dmtrsslvdr/public_html/yii/framework/web/CBaseController.php(119): require('/home/dmtrsslvd...')
#6 /home/dmtrsslvdr/public_html/yii/framework/web/CBaseController.php(88): CBaseController->renderInternal('/home/dmtrsslvd...', Array, true)
#7 /home/dmtrsslvdr/public_html/yii/framework/web/CController.php(748): CBaseController->renderFile('/home/dmtrsslvd...', Array, true)
#8 /home/dmtrsslvdr/public_html/slabs/protected/views/issue/create.php(15): CController->renderPartial('_form', Array)
#9 /home/dmtrsslvdr/public_html/yii/framework/web/CBaseController.php(119): require('/home/dmtrsslvd...')
#10 /home/dmtrsslvdr/public_html/yii/framework/web/CBaseController.php(88): CBaseController->renderInternal('/home/dmtrsslvd...', Array, true)
#11 /home/dmtrsslvdr/public_html/yii/framework/web/CController.php(748): CBaseController->renderFile('/home/dmtrsslvd...', Array, true)
#12 /home/dmtrsslvdr/public_html/yii/framework/web/CController.php(687): CController->renderPartial('create', Array, true)
#13 /home/dmtrsslvdr/public_html/slabs/protected/controllers/IssueController.php(85): CController->render('create', Array)
#14 /home/dmtrsslvdr/public_html/yii/framework/web/actions/CInlineAction.php(32): IssueController->actionCreate()
#15 /home/dmtrsslvdr/public_html/yii/framework/web/CController.php(300): CInlineAction->run()
#16 /home/dmtrsslvdr/public_html/yii/framework/web/filters/CFilterChain.php(129): CController->runAction(Object(CInlineAction))
#17 /home/dmtrsslvdr/public_html/yii/framework/web/filters/CFilter.php(41): CFilterChain->run()
#18 /home/dmtrsslvdr/public_html/yii/framework/web/CController.php(999): CFilter->filter(Object(CFilterChain))
#19 /home/dmtrsslvdr/public_html/yii/framework/web/filters/CInlineFilter.php(59): CController->filterAccessControl(Object(CFilterChain))
#20 /home/dmtrsslvdr/public_html/yii/framework/web/filters/CFilterChain.php(126): CInlineFilter->filter(Object(CFilterChain))
#21 /home/dmtrsslvdr/public_html/yii/framework/web/CController.php(283): CFilterChain->run()
#22 /home/dmtrsslvdr/public_html/yii/framework/web/CController.php(257): CController->runActionWithFilters(Object(CInlineAction), Array)
#23 /home/dmtrsslvdr/public_html/yii/framework/web/CWebApplication.php(320): CController->run('create')
#24 /home/dmtrsslvdr/public_html/yii/framework/web/CWebApplication.php(120): CWebApplication->runController('issue/create')
#25 /home/dmtrsslvdr/public_html/yii/framework/base/CApplication.php(135): CWebApplication->processRequest()
#26 /home/dmtrsslvdr/public_html/slabs/index.php(13): CApplication->run()
#27 {main} REQUEST_URI=/slabs/index.php?r=issue/create
2010/10/06 23:57:04 [error] [php] Missing argument 1 for PersonController::actionView(), called in /home/dmtrsslvdr/public_html/yii/framework/web/actions/CInlineAction.php on line 32 and defined (/home/dmtrsslvdr/public_html/slabs/protected/controllers/PersonController.php:51)
Stack trace:
#0 /home/dmtrsslvdr/public_html/yii/framework/web/filters/CFilterChain.php(129): PersonController->runAction()
#1 /home/dmtrsslvdr/public_html/yii/framework/web/filters/CFilter.php(41): CFilterChain->run()
#2 /home/dmtrsslvdr/public_html/yii/framework/web/CController.php(999): CAccessControlFilter->filter()
#3 /home/dmtrsslvdr/public_html/yii/framework/web/filters/CInlineFilter.php(59): PersonController->filterAccessControl()
#4 /home/dmtrsslvdr/public_html/yii/framework/web/filters/CFilterChain.php(126): CInlineFilter->filter()
#5 /home/dmtrsslvdr/public_html/yii/framework/web/CController.php(283): CFilterChain->run()
#6 /home/dmtrsslvdr/public_html/yii/framework/web/CController.php(257): PersonController->runActionWithFilters()
#7 /home/dmtrsslvdr/public_html/yii/framework/web/CWebApplication.php(320): PersonController->run()
#8 /home/dmtrsslvdr/public_html/yii/framework/web/CWebApplication.php(120): CWebApplication->runController()
#9 /home/dmtrsslvdr/public_html/yii/framework/base/CApplication.php(135): CWebApplication->processRequest()
#10 /home/dmtrsslvdr/public_html/slabs/index.php(13): CWebApplication->run()
REQUEST_URI=/slabs/index.php?r=person/view&id=1
in /home/dmtrsslvdr/public_html/slabs/protected/controllers/PersonController.php (51)
in /home/dmtrsslvdr/public_html/slabs/index.php (13)
2010/10/06 23:57:25 [error] [php] Missing argument 1 for PersonController::actionView(), called in /home/dmtrsslvdr/public_html/yii/framework/web/actions/CInlineAction.php on line 32 and defined (/home/dmtrsslvdr/public_html/slabs/protected/controllers/PersonController.php:51)
Stack trace:
#0 /home/dmtrsslvdr/public_html/yii/framework/web/filters/CFilterChain.php(129): PersonController->runAction()
#1 /home/dmtrsslvdr/public_html/yii/framework/web/filters/CFilter.php(41): CFilterChain->run()
#2 /home/dmtrsslvdr/public_html/yii/framework/web/CController.php(999): CAccessControlFilter->filter()
#3 /home/dmtrsslvdr/public_html/yii/framework/web/filters/CInlineFilter.php(59): PersonController->filterAccessControl()
#4 /home/dmtrsslvdr/public_html/yii/framework/web/filters/CFilterChain.php(126): CInlineFilter->filter()
#5 /home/dmtrsslvdr/public_html/yii/framework/web/CController.php(283): CFilterChain->run()
#6 /home/dmtrsslvdr/public_html/yii/framework/web/CController.php(257): PersonController->runActionWithFilters()
#7 /home/dmtrsslvdr/public_html/yii/framework/web/CWebApplication.php(320): PersonController->run()
#8 /home/dmtrsslvdr/public_html/yii/framework/web/CWebApplication.php(120): CWebApplication->runController()
#9 /home/dmtrsslvdr/public_html/yii/framework/base/CApplication.php(135): CWebApplication->processRequest()
#10 /home/dmtrsslvdr/public_html/slabs/index.php(13): CWebApplication->run()
REQUEST_URI=/slabs/index.php?r=person/view&id=2
in /home/dmtrsslvdr/public_html/slabs/protected/controllers/PersonController.php (51)
in /home/dmtrsslvdr/public_html/slabs/index.php (13)
